<?xml version="1.0" encoding="UTF-8"?>
<testng-results skipped="0" failed="0" ignored="0" total="1" passed="1">
  <reporter-output>
  </reporter-output>
  <suite name="Default suite" duration-ms="26533" started-at="2019-04-11T12:49:58Z" finished-at="2019-04-11T12:50:25Z">
    <groups>
    </groups>
    <test name="Default test" duration-ms="26533" started-at="2019-04-11T12:49:58Z" finished-at="2019-04-11T12:50:25Z">
      <class name="com.naukri.test.HomePageTest">
        <test-method status="PASS" signature="homePage()[pri:0, instance:com.naukri.test.HomePageTest@56f4468b]" name="homePage" duration-ms="26486" started-at="2019-04-11T12:49:58Z" finished-at="2019-04-11T12:50:25Z">
          <reporter-output>
          </reporter-output>
        </test-method> <!-- homePage -->
      </class> <!-- com.naukri.test.HomePageTest -->
    </test> <!-- Default test -->
  </suite> <!-- Default suite -->
</testng-results>
